<?xml version="1.0" encoding="UTF-8"?>
<persistence version="2.0"
	xmlns="http://java.sun.com/xml/ns/persistence" xmlns:xsi="http://www.w3.org/2001/XMLSchema-instance"
	xsi:schemaLocation="http://java.sun.com/xml/ns/persistence http://java.sun.com/xml/ns/persistence/persistence_2_0.xsd">

	<persistence-unit name="jpacacheeviction">
		<jta-data-source>arq/hsql</jta-data-source>
		<validation-mode>NONE</validation-mode>
		<properties>
			<property name="eclipselink.ddl-generation" value="drop-and-create-tables" />
			<property name="eclipselink.ddl-generation.output-mode" value="database" />
			<property name="eclipselink.target-database" value="HSQL" />
			<property name="eclipselink.weaving" value="false" />
		</properties>
	</persistence-unit>

</persistence>