<?xml version="1.0" encoding="UTF-8"?>
<persistence version="2.0"
  xmlns="http://java.sun.com/xml/ns/persistence" xmlns:xsi="http://www.w3.org/2001/XMLSchema-instance"
  xsi:schemaLocation="http://java.sun.com/xml/ns/persistence http://java.sun.com/xml/ns/persistence/persistence_2_0.xsd">
  
  <persistence-unit name="arquillian-hsql">
    <jta-data-source>arq/hsql</jta-data-source>
    <properties>
      <property name="eclipselink.ddl-generation" value="drop-and-create-tables" />
      <!-- 
        It's important to turn off caching, otherwise entity manager 
        won't be aware of changes made by dbunit. 
      -->
      <property name="eclipselink.cache.shared.default" value="false"/>
    </properties>
  </persistence-unit>

</persistence>
