<?xml version="1.0" encoding="UTF-8"?>
<persistence version="2.0"
  xmlns="http://java.sun.com/xml/ns/persistence" xmlns:xsi="http://www.w3.org/2001/XMLSchema-instance"
  xsi:schemaLocation="http://java.sun.com/xml/ns/persistence http://java.sun.com/xml/ns/persistence/persistence_2_0.xsd">

  <persistence-unit name="jpacacheeviction">
    <jta-data-source>openejb:Resource/arq/hsql</jta-data-source>
    <validation-mode>NONE</validation-mode>
    <properties>
        <property name="openejb.jpa.init-entitymanager" value="true" />
        <property name="openjpa.jdbc.SynchronizeMappings" value="buildSchema(ForeignKeys=true)"/>
    </properties>
  </persistence-unit>

</persistence>